[2024-02-16T13:28:58.696Z] => Methode : GET // url : /recipe/similar/655858 // by : ::1
[2024-02-16T13:29:26.392Z] => Methode : GET // url : /recipe/random // by : ::1
[2024-02-16T13:29:43.734Z] => Methode : GET // url : /research/Petit%20Pain%20Au%20Chocolat // by : ::1
[2024-02-16T13:43:57.373Z] => Methode : GET // url : /research/Petit%20Pain%20Au%20Chocolat // by : ::1
[2024-02-16T13:44:33.802Z] => Methode : GET // url : /research/Petit%20Pain%20Au%20Chocolat // by : ::1
[2024-02-16T13:59:27.153Z] => Methode : GET // url : /research/Petit%20Pain%20Au%20Chocolat // by : ::1
[2024-02-16T14:00:21.638Z] => Methode : GET // url : /recipe/random // by : ::1
[2024-02-16T14:00:24.332Z] => Methode : GET // url : /recipe/random // by : ::1
[2024-02-16T14:00:27.359Z] => Methode : GET // url : /recipe/random // by : ::1
[2024-02-16T14:00:29.003Z] => Methode : GET // url : /recipe/random // by : ::1
[2024-02-16T14:00:30.953Z] => Methode : GET // url : /recipe/random // by : ::1
[2024-02-16T14:00:33.059Z] => Methode : GET // url : /recipe/random // by : ::1
[2024-02-16T14:00:34.474Z] => Methode : GET // url : /recipe/random // by : ::1
[2024-02-16T14:00:36.033Z] => Methode : GET // url : /recipe/random // by : ::1
[2024-02-16T14:00:37.687Z] => Methode : GET // url : /recipe/random // by : ::1
[2024-02-16T14:00:39.429Z] => Methode : GET // url : /recipe/random // by : ::1
[2024-02-16T14:00:41.760Z] => Methode : GET // url : /recipe/random // by : ::1
[2024-02-16T14:00:44.212Z] => Methode : GET // url : /recipe/random // by : ::1
[2024-02-16T14:00:45.535Z] => Methode : GET // url : /recipe/random // by : ::1
[2024-02-16T14:00:47.977Z] => Methode : GET // url : /recipe/random // by : ::1
[2024-02-16T14:00:49.565Z] => Methode : GET // url : /recipe/random // by : ::1
[2024-02-16T14:00:50.976Z] => Methode : GET // url : /recipe/random // by : ::1
[2024-02-16T14:00:53.429Z] => Methode : GET // url : /recipe/random // by : ::1
[2024-02-16T14:00:55.330Z] => Methode : GET // url : /recipe/random // by : ::1
[2024-02-16T14:00:56.593Z] => Methode : GET // url : /recipe/random // by : ::1
[2024-02-16T14:01:53.538Z] => Methode : GET // url : /recipe/similar/655858 // by : ::1
[2024-02-16T14:33:11.668Z] => Methode : GET // url : /api-docs // by : ::1
[2024-02-16T14:33:11.684Z] => Methode : GET // url : /api-docs/ // by : ::1
[2024-02-16T14:33:11.720Z] => Methode : GET // url : /api-docs/swagger-ui.css // by : ::1
[2024-02-16T14:33:11.735Z] => Methode : GET // url : /api-docs/swagger-ui-bundle.js // by : ::1
[2024-02-16T14:33:11.738Z] => Methode : GET // url : /api-docs/swagger-ui-standalone-preset.js // by : ::1
[2024-02-16T14:33:11.740Z] => Methode : GET // url : /api-docs/swagger-ui-init.js // by : ::1
[2024-02-16T14:33:12.258Z] => Methode : GET // url : /api-docs/favicon-32x32.png // by : ::1
[2024-02-16T14:33:32.777Z] => Methode : GET // url : /api-docs/ // by : ::1
[2024-02-16T14:33:32.919Z] => Methode : GET // url : /api-docs/swagger-ui.css // by : ::1
[2024-02-16T14:33:32.924Z] => Methode : GET // url : /api-docs/swagger-ui-bundle.js // by : ::1
[2024-02-16T14:33:32.933Z] => Methode : GET // url : /api-docs/swagger-ui-standalone-preset.js // by : ::1
[2024-02-16T14:33:32.935Z] => Methode : GET // url : /api-docs/swagger-ui-init.js // by : ::1
[2024-02-16T14:33:33.518Z] => Methode : GET // url : /api-docs/favicon-32x32.png // by : ::1
[2024-02-16T14:35:17.204Z] => Methode : GET // url : /api-docs/ // by : ::1
[2024-02-16T14:35:17.230Z] => Methode : GET // url : /api-docs/swagger-ui.css // by : ::1
[2024-02-16T14:35:17.235Z] => Methode : GET // url : /api-docs/swagger-ui-bundle.js // by : ::1
[2024-02-16T14:35:17.237Z] => Methode : GET // url : /api-docs/swagger-ui-init.js // by : ::1
[2024-02-16T14:35:17.241Z] => Methode : GET // url : /api-docs/swagger-ui-standalone-preset.js // by : ::1
[2024-02-16T14:35:17.414Z] => Methode : GET // url : /api-docs/favicon-32x32.png // by : ::1
[2024-02-16T14:40:53.579Z] => Methode : GET // url : /api-docs/ // by : ::1
[2024-02-16T14:40:53.608Z] => Methode : GET // url : /api-docs/swagger-ui.css // by : ::1
[2024-02-16T14:40:53.613Z] => Methode : GET // url : /api-docs/swagger-ui-bundle.js // by : ::1
[2024-02-16T14:40:53.618Z] => Methode : GET // url : /api-docs/swagger-ui-init.js // by : ::1
[2024-02-16T14:40:53.621Z] => Methode : GET // url : /api-docs/swagger-ui-standalone-preset.js // by : ::1
[2024-02-16T14:40:53.781Z] => Methode : GET // url : /api-docs/favicon-32x32.png // by : ::1
[2024-02-16T14:41:25.785Z] => Methode : GET // url : /api-docs/ // by : ::1
[2024-02-16T14:41:25.823Z] => Methode : GET // url : /api-docs/swagger-ui.css // by : ::1
[2024-02-16T14:41:25.828Z] => Methode : GET // url : /api-docs/swagger-ui-bundle.js // by : ::1
[2024-02-16T14:41:25.832Z] => Methode : GET // url : /api-docs/swagger-ui-standalone-preset.js // by : ::1
[2024-02-16T14:41:25.836Z] => Methode : GET // url : /api-docs/swagger-ui-init.js // by : ::1
[2024-02-16T14:41:26.044Z] => Methode : GET // url : /api-docs/favicon-32x32.png // by : ::1
[2024-02-16T14:41:30.386Z] => Methode : GET // url : /api-docs/ // by : ::1
[2024-02-16T14:41:30.421Z] => Methode : GET // url : /api-docs/swagger-ui.css // by : ::1
[2024-02-16T14:41:30.426Z] => Methode : GET // url : /api-docs/swagger-ui-bundle.js // by : ::1
[2024-02-16T14:41:30.428Z] => Methode : GET // url : /api-docs/swagger-ui-standalone-preset.js // by : ::1
[2024-02-16T14:41:30.433Z] => Methode : GET // url : /api-docs/swagger-ui-init.js // by : ::1
[2024-02-16T14:41:30.620Z] => Methode : GET // url : /api-docs/favicon-32x32.png // by : ::1
[2024-02-16T14:41:42.296Z] => Methode : GET // url : /api-docs/ // by : ::1
[2024-02-16T14:41:42.316Z] => Methode : GET // url : /api-docs/swagger-ui.css // by : ::1
[2024-02-16T14:41:42.317Z] => Methode : GET // url : /api-docs/swagger-ui-bundle.js // by : ::1
[2024-02-16T14:41:42.320Z] => Methode : GET // url : /api-docs/swagger-ui-standalone-preset.js // by : ::1
[2024-02-16T14:41:42.320Z] => Methode : GET // url : /api-docs/swagger-ui-init.js // by : ::1
[2024-02-16T14:41:42.411Z] => Methode : GET // url : /api-docs/favicon-32x32.png // by : ::1
[2024-02-16T14:41:46.831Z] => Methode : GET // url : /api-docs/ // by : ::1
[2024-02-16T14:41:46.848Z] => Methode : GET // url : /api-docs/swagger-ui.css // by : ::1
[2024-02-16T14:41:46.851Z] => Methode : GET // url : /api-docs/swagger-ui-bundle.js // by : ::1
[2024-02-16T14:41:46.851Z] => Methode : GET // url : /api-docs/swagger-ui-standalone-preset.js // by : ::1
[2024-02-16T14:41:46.852Z] => Methode : GET // url : /api-docs/swagger-ui-init.js // by : ::1
[2024-02-16T14:41:46.979Z] => Methode : GET // url : /api-docs/favicon-32x32.png // by : ::1
[2024-02-16T14:44:52.052Z] => Methode : GET // url : /api-docs/ // by : ::1
[2024-02-16T14:44:52.082Z] => Methode : GET // url : /api-docs/swagger-ui.css // by : ::1
[2024-02-16T14:44:52.087Z] => Methode : GET // url : /api-docs/swagger-ui-bundle.js // by : ::1
[2024-02-16T14:44:52.089Z] => Methode : GET // url : /api-docs/swagger-ui-standalone-preset.js // by : ::1
[2024-02-16T14:44:52.090Z] => Methode : GET // url : /api-docs/swagger-ui-init.js // by : ::1
[2024-02-16T14:44:52.193Z] => Methode : GET // url : /api-docs/favicon-32x32.png // by : ::1
[2024-02-16T14:45:09.168Z] => Methode : GET // url : /research/pain%20au%20chocolat // by : ::1
[2024-02-16T14:46:55.257Z] => Methode : GET // url : /api-docs/ // by : ::1
[2024-02-16T14:46:55.317Z] => Methode : GET // url : /api-docs/swagger-ui.css // by : ::1
[2024-02-16T14:46:55.320Z] => Methode : GET // url : /api-docs/swagger-ui-bundle.js // by : ::1
[2024-02-16T14:46:55.322Z] => Methode : GET // url : /api-docs/swagger-ui-standalone-preset.js // by : ::ffff:127.0.0.1
[2024-02-16T14:46:55.328Z] => Methode : GET // url : /api-docs/swagger-ui-init.js // by : ::1
[2024-02-16T14:46:55.450Z] => Methode : GET // url : /api-docs/favicon-32x32.png // by : ::1
[2024-02-16T14:47:04.342Z] => Methode : GET // url : /recipe/random // by : ::1
[2024-02-16T14:54:10.763Z] => Methode : GET // url : /api-docs/ // by : ::1
[2024-02-16T14:54:10.801Z] => Methode : GET // url : /api-docs/swagger-ui.css // by : ::1
[2024-02-16T14:54:10.803Z] => Methode : GET // url : /api-docs/swagger-ui-bundle.js // by : ::1
[2024-02-16T14:54:10.811Z] => Methode : GET // url : /api-docs/swagger-ui-standalone-preset.js // by : ::1
[2024-02-16T14:54:10.814Z] => Methode : GET // url : /api-docs/swagger-ui-init.js // by : ::1
[2024-02-16T14:54:11.030Z] => Methode : GET // url : /api-docs/favicon-32x32.png // by : ::1
[2024-02-16T14:54:26.180Z] => Methode : GET // url : /recipe/similar/655858 // by : ::1
[2024-02-16T14:54:32.913Z] => Methode : GET // url : /recipe/similar/rgrgrgrg // by : ::1
